*HPlaptop v2 started       15:36:25 09/11/15
Homed      15:37:05 09/11/15
*HPlaptop v2 started       15:54:53 09/11/15
attach1.thr 1 1 0.7 2      15:57:14 09/11/15
*HPlaptop v2 started       16:06:21 09/11/15
Homed      16:06:32 09/11/15
Homed      16:07:24 09/11/15
Homed      16:07:56 09/11/15
Homed      16:08:39 09/11/15
Homed      16:09:07 09/11/15
Homed      16:09:28 09/11/15
attach1.thr 1 1 0.7 2      16:09:59 09/11/15
Homed      16:10:40 09/11/15
Homed      16:10:47 09/11/15
attach1.thr 1 1 0.7 2      16:11:04 09/11/15
*HPlaptop v2 started       16:13:18 09/11/15
attach1.thr 1 1 0.7 2      16:13:40 09/11/15
detach1.thr 1 1 0.7 1      16:13:57 09/11/15
detach1.thr 1 1 0.7 1      16:18:11 09/11/15
detach1.thr 1 1 0.7 1      16:20:47 09/11/15
detach1.thr 1 1 0.7 1      16:21:06 09/11/15
attach1.thr 1 1 0.7 2      16:21:31 09/11/15
*HPlaptop v2 started       16:25:18 09/11/15
Playlist loaded: pl2.pl      16:25:40 09/11/15
Playlist loaded: pl2.pl      16:26:34 09/11/15
*HPlaptop v2 started       16:27:20 09/11/15
Playlist loaded: pl2.pl      16:27:28 09/11/15
Playlist loaded: pl2.pl      16:28:54 09/11/15
Homed      16:28:58 09/11/15
attach1.thr 4 4 0.7 2      16:29:02 09/11/15
e100.thr 44 22 1.7 2      16:35:15 09/11/15
tri1b.thr-R 4 2 0.7 2      18:34:29 09/11/15
wings1$.thr 4 4 0.7 2      19:16:36 09/11/15
Homed      19:16:46 09/11/15
detach1.thr 4 4 0.7 1      19:16:54 09/11/15
e100.thr 33 22 1.7 1      19:32:25 09/11/15
cwarp3br.thr 5 5 1.5 1      19:56:01 09/11/15
circam2s.thr 2 2 0.7 1      20:09:57 09/11/15
Homed      20:41:29 09/11/15
attach1.thr-R 4 4 0.7 2      20:41:37 09/11/15
e100.thr-R 44 22 1.7 2      20:57:09 09/11/15
whorl1.thr 5 3 0.7 2      21:08:06 09/11/15
trwirl1.thr 5 3 0.7 2      22:31:00 09/11/15
paused      23:00:03 09/11/15
vnc8.thr-R 4 4 0.7 2      07:54:58 09/12/15
sola3.thr-R 4 3 0.7 2      09:52:32 09/12/15
spmrph1.thr 6 3 0.7 2      10:47:12 09/12/15
Homing R failed      10:47:31 09/12/15
*HPlaptop v42b started       11:04:03 09/12/15
Homed      11:07:11 09/12/15
Playlist loaded: pl2.pl      11:07:43 09/12/15
Homed      11:07:47 09/12/15
attach1.thr 4 4 0.7 2      11:07:50 09/12/15
e100.thr 44 22 1.7 2      11:23:12 09/12/15
tri1b.thr-R 4 2 0.7 2      13:22:52 09/12/15
wings1$.thr 4 4 0.7 2      14:04:59 09/12/15
Homed      14:05:08 09/12/15
detach1.thr 4 4 0.7 1      14:05:15 09/12/15
e100.thr 33 22 1.7 1      14:20:47 09/12/15
cwarp3br.thr 5 5 1.5 1      14:44:23 09/12/15
circam2s.thr 2 2 0.7 1      14:58:19 09/12/15
Homed      15:29:51 09/12/15
attach1.thr-R 4 4 0.7 2      15:29:59 09/12/15
e100.thr-R 44 22 1.7 2      15:45:31 09/12/15
whorl1.thr 5 3 0.7 2      15:56:28 09/12/15
trwirl1.thr 5 3 0.7 2      17:19:23 09/12/15
vnc8.thr-R 4 4 0.7 2      18:43:24 09/12/15
sola3.thr-R 4 3 0.7 2      20:40:59 09/12/15
spmrph1.thr 6 3 0.7 2      21:35:39 09/12/15
Homed      21:35:47 09/12/15
detach1.thr 4 4 0.7 1      21:35:54 09/12/15
paused      23:00:02 09/12/15
peoni1.thr 4 3 0.7 1      07:55:17 09/13/15
dces5p.thr 3 2 0.7 1      08:21:56 09/13/15
e100.thr-R 33 22 1.7 1      09:24:03 09/13/15
para2b$.thr-R 4 4 0.7 1      10:48:08 09/13/15
sptw134.thr 4 4 0.7 1      11:58:12 09/13/15
Homing R failed      11:58:43 09/13/15
*HPlaptop v42b started       14:27:38 09/13/15
*HPlaptop v42b started       15:02:24 09/13/15
Homed      18:11:50 09/13/15
Homed      18:13:56 09/13/15
Homed      18:14:58 09/13/15
Homed      18:15:20 09/13/15
Homed      18:15:43 09/13/15
detach1.thr 1 1 0.7 1      18:17:50 09/13/15
Homed      18:19:22 09/13/15
Homed      18:26:44 09/13/15
Homed      18:30:06 09/13/15
detach1.thr 1 1 0.7 1      18:30:25 09/13/15
detach1.thr 1 1 0.7 1      18:30:44 09/13/15
attach1.thr 1 1 0.7 2      18:31:13 09/13/15
detach1.thr 1 1 0.7 1      18:31:33 09/13/15
Playlist loaded: pl2.pl      18:31:48 09/13/15
Homed      18:33:58 09/13/15
attach1.thr 4 4 0.7 2      18:34:01 09/13/15
paused      18:34:13 09/13/15
*HPlaptop v42b started       18:34:20 09/13/15
Homed      18:34:36 09/13/15
attach1.thr 1 1 0.5 2      18:34:47 09/13/15
detach1.thr 1 1 0.5 1      18:34:56 09/13/15
Homed      18:34:57 09/13/15
attach1.thr 1 1 0.5 2      18:35:07 09/13/15
detach1.thr 1 1 0.5 1      18:35:17 09/13/15
Homed      18:35:17 09/13/15
attach1.thr 1 1 0.5 2      18:35:28 09/13/15
detach1.thr 1 1 0.5 1      18:35:37 09/13/15
Homed      18:35:38 09/13/15
attach1.thr 1 1 0.5 2      18:35:48 09/13/15
detach1.thr 1 1 0.5 1      18:35:58 09/13/15
Homed      18:35:58 09/13/15
attach1.thr 1 1 0.5 2      18:36:09 09/13/15
detach1.thr 1 1 0.5 1      18:36:18 09/13/15
Homed      18:36:19 09/13/15
attach1.thr 1 1 0.5 2      18:36:29 09/13/15
detach1.thr 1 1 0.5 1      18:36:39 09/13/15
Homed      18:36:39 09/13/15
attach1.thr 1 1 0.5 2      18:36:50 09/13/15
detach1.thr 1 1 0.5 1      18:36:59 09/13/15
Homed      18:37:00 09/13/15
attach1.thr 1 1 0.5 2      18:37:10 09/13/15
detach1.thr 1 1 0.5 1      18:37:20 09/13/15
Homed      18:37:20 09/13/15
attach1.thr 1 1 0.5 2      18:37:31 09/13/15
detach1.thr 1 1 0.5 1      18:37:40 09/13/15
Homed      18:37:41 09/13/15
attach1.thr 1 1 0.5 2      18:37:51 09/13/15
detach1.thr 1 1 0.5 1      18:38:01 09/13/15
Homed      18:38:01 09/13/15
attach1.thr 1 1 0.5 2      18:38:12 09/13/15
detach1.thr 1 1 0.5 1      18:38:21 09/13/15
Homed      18:38:22 09/13/15
attach1.thr 1 1 0.5 2      18:38:32 09/13/15
detach1.thr 1 1 0.5 1      18:38:42 09/13/15
Homed      18:38:42 09/13/15
paused      18:38:45 09/13/15
attach1.thr 1 1 0.5 2      18:38:56 09/13/15
detach1.thr 1 1 0.5 1      18:39:05 09/13/15
Playlist loaded: pl2.pl      18:39:19 09/13/15
Homed      18:39:22 09/13/15
attach1.thr 4 4 0.7 2      18:39:25 09/13/15
e100.thr 44 22 1.7 2      18:48:05 09/13/15
paused      19:54:23 09/13/15
paused      19:54:42 09/13/15
Homed      19:55:11 09/13/15
Homed      19:55:23 09/13/15
attach1.thr 4 4 0.7 2      19:55:30 09/13/15
e100.thr 44 22 1.7 2      20:07:54 09/13/15
tri1b.thr-R 4 2 0.7 2      22:47:19 09/13/15
paused      23:00:02 09/13/15
wings1$.thr 4 4 0.7 2      07:43:30 09/14/15
Homed      07:43:39 09/14/15
detach1.thr 4 4 0.7 1      07:43:49 09/14/15
e100.thr 33 22 1.7 1      08:04:26 09/14/15
cwarp3br.thr 5 5 1.5 1      08:35:56 09/14/15
circam2s.thr 2 2 0.7 1      08:54:33 09/14/15
paused      09:27:29 09/14/15
paused      09:27:51 09/14/15
*HPlaptop v42b started       09:29:27 09/14/15
Playlist loaded: pl2.pl      09:30:34 09/14/15
Homed      09:30:54 09/14/15
attach1.thr 4 4 0.7 2      09:30:57 09/14/15
e100.thr 44 22 1.7 2      09:42:56 09/14/15
tri1b.thr-R 4 2 0.7 2      11:18:34 09/14/15
wings1$.thr 4 4 0.7 2      11:52:14 09/14/15
Homed      11:52:23 09/14/15
detach1.thr 4 4 0.7 1      11:52:29 09/14/15
e100.thr 33 22 1.7 1      12:04:53 09/14/15
cwarp3br.thr 5 5 1.5 1      12:23:45 09/14/15
circam2s.thr 2 2 0.7 1      12:34:53 09/14/15
Homed      13:00:09 09/14/15
attach1.thr-R 4 4 0.7 2      13:00:15 09/14/15
e100.thr-R 44 22 1.7 2      13:12:40 09/14/15
whorl1.thr 5 3 0.7 2      13:21:55 09/14/15
trwirl1.thr 5 3 0.7 2      14:28:10 09/14/15
vnc8.thr-R 4 4 0.7 2      15:35:19 09/14/15
sola3.thr-R 4 3 0.7 2      17:09:19 09/14/15
spmrph1.thr 6 3 0.7 2      17:53:03 09/14/15
Homed      17:53:11 09/14/15
detach1.thr 4 4 0.7 1      17:53:16 09/14/15
peoni1.thr 4 3 0.7 1      19:44:46 09/14/15
dces5p.thr 3 2 0.7 1      20:06:03 09/14/15
e100.thr-R 33 22 1.7 1      20:55:41 09/14/15
para2b$.thr-R 4 4 0.7 1      22:02:53 09/14/15
sptw134.thr 4 4 0.7 1      22:58:54 09/14/15
Homed      22:59:17 09/14/15
attach1.thr 4 4 0.7 2      22:59:24 09/14/15
paused      23:00:03 09/14/15
e100.thr 44 22 1.7 2      07:11:47 09/15/15
tri1b.thr-R 4 2 0.7 2      08:47:25 09/15/15
wings1$.thr 4 4 0.7 2      09:21:05 09/15/15
Homed      09:21:14 09/15/15
detach1.thr 4 4 0.7 1      09:21:20 09/15/15
e100.thr 33 22 1.7 1      09:33:44 09/15/15
cwarp3br.thr 5 5 1.5 1      09:52:36 09/15/15
circam2s.thr 2 2 0.7 1      10:03:44 09/15/15
Homed      10:29:00 09/15/15
attach1.thr-R 4 4 0.7 2      10:29:07 09/15/15
e100.thr-R 44 22 1.7 2      10:41:32 09/15/15
whorl1.thr 5 3 0.7 2      10:50:46 09/15/15
trwirl1.thr 5 3 0.7 2      11:57:01 09/15/15
vnc8.thr-R 4 4 0.7 2      13:04:10 09/15/15
sola3.thr-R 4 3 0.7 2      14:38:11 09/15/15
spmrph1.thr 6 3 0.7 2      15:21:53 09/15/15
Homed      15:22:02 09/15/15
detach1.thr 4 4 0.7 1      15:22:08 09/15/15
peoni1.thr 4 3 0.7 1      17:13:37 09/15/15
dces5p.thr 3 2 0.7 1      17:34:54 09/15/15
e100.thr-R 33 22 1.7 1      18:24:32 09/15/15
*HPlaptop v42b started       08:02:46 09/16/15
Homed      08:03:20 09/16/15
paused      08:06:29 09/16/15
Homed      08:07:18 09/16/15
Homed      08:07:32 09/16/15
Playlist loaded: pl2.pl      08:07:45 09/16/15
Homed      08:08:49 09/16/15
attach1.thr 4 4 0.7 2      08:08:53 09/16/15
e100.thr 44 22 1.7 2      08:19:13 09/16/15
tri1b.thr-R 4 2 0.7 2      09:38:50 09/16/15
wings1$.thr 4 4 0.7 2      10:06:53 09/16/15
Homed      10:07:01 09/16/15
detach1.thr 4 4 0.7 1      10:07:06 09/16/15
e100.thr 33 22 1.7 1      10:17:24 09/16/15
cwarp3br.thr 5 5 1.5 1      10:33:07 09/16/15
circam2s.thr 2 2 0.7 1      10:42:23 09/16/15
Homed      11:03:29 09/16/15
attach1.thr-R 4 4 0.7 2      11:03:35 09/16/15
e100.thr-R 44 22 1.7 2      11:13:53 09/16/15
whorl1.thr 5 3 0.7 2      11:22:05 09/16/15
trwirl1.thr 5 3 0.7 2      12:17:14 09/16/15
vnc8.thr-R 4 4 0.7 2      13:13:09 09/16/15
sola3.thr-R 4 3 0.7 2      14:31:26 09/16/15
spmrph1.thr 6 3 0.7 2      15:07:49 09/16/15
Homed      15:07:57 09/16/15
detach1.thr 4 4 0.7 1      15:08:02 09/16/15
peoni1.thr 4 3 0.7 1      16:40:55 09/16/15
dces5p.thr 3 2 0.7 1      16:58:39 09/16/15
e100.thr-R 33 22 1.7 1      17:39:57 09/16/15
para2b$.thr-R 4 4 0.7 1      18:39:38 09/16/15
sptw134.thr 4 4 0.7 1      19:49:43 09/16/15
Homed      19:50:07 09/16/15
attach1.thr 4 4 0.7 2      19:50:15 09/16/15
e100.thr 44 22 1.7 2      20:05:47 09/16/15
tri1b.thr-R 4 2 0.7 2      22:05:26 09/16/15
wings1$.thr 4 4 0.7 2      22:47:33 09/16/15
Homed      22:47:42 09/16/15
detach1.thr 4 4 0.7 1      22:47:49 09/16/15
paused      23:00:03 09/16/15
e100.thr 33 22 1.7 1      07:03:19 09/17/15
cwarp3br.thr 5 5 1.5 1      07:26:55 09/17/15
circam2s.thr 2 2 0.7 1      07:40:51 09/17/15
Homed      08:12:23 09/17/15
attach1.thr-R 4 4 0.7 2      08:12:32 09/17/15
e100.thr-R 44 22 1.7 2      08:28:04 09/17/15
whorl1.thr 5 3 0.7 2      08:39:01 09/17/15
trwirl1.thr 5 3 0.7 2      10:01:55 09/17/15
vnc8.thr-R 4 4 0.7 2      11:25:57 09/17/15
sola3.thr-R 4 3 0.7 2      13:23:32 09/17/15
spmrph1.thr 6 3 0.7 2      14:18:13 09/17/15
Homed      14:18:21 09/17/15
detach1.thr 4 4 0.7 1      14:18:28 09/17/15
peoni1.thr 4 3 0.7 1      16:37:55 09/17/15
dces5p.thr 3 2 0.7 1      17:04:35 09/17/15
e100.thr-R 33 22 1.7 1      18:06:42 09/17/15
para2b$.thr-R 4 4 0.7 1      19:30:47 09/17/15
sptw134.thr 4 4 0.7 1      20:40:52 09/17/15
Homed      20:41:15 09/17/15
attach1.thr 4 4 0.7 2      20:41:24 09/17/15
e100.thr 44 22 1.7 2      20:56:56 09/17/15
tri1b.thr-R 4 2 0.7 2      22:56:34 09/17/15
paused      23:00:02 09/17/15
wings1$.thr 4 4 0.7 2      07:38:39 09/18/15
Homed      07:38:48 09/18/15
detach1.thr 4 4 0.7 1      07:38:55 09/18/15
e100.thr 33 22 1.7 1      07:54:26 09/18/15
cwarp3br.thr 5 5 1.5 1      08:18:03 09/18/15
circam2s.thr 2 2 0.7 1      08:31:59 09/18/15
Homed      09:03:31 09/18/15
attach1.thr-R 4 4 0.7 2      09:03:39 09/18/15
e100.thr-R 44 22 1.7 2      09:19:11 09/18/15
whorl1.thr 5 3 0.7 2      09:30:08 09/18/15
trwirl1.thr 5 3 0.7 2      10:53:03 09/18/15
vnc8.thr-R 4 4 0.7 2      12:17:04 09/18/15
sola3.thr-R 4 3 0.7 2      14:14:40 09/18/15
spmrph1.thr 6 3 0.7 2      15:09:21 09/18/15
Homed      15:09:29 09/18/15
detach1.thr 4 4 0.7 1      15:09:36 09/18/15
peoni1.thr 4 3 0.7 1      17:29:04 09/18/15
dces5p.thr 3 2 0.7 1      17:55:43 09/18/15
e100.thr-R 33 22 1.7 1      18:57:50 09/18/15
para2b$.thr-R 4 4 0.7 1      20:21:54 09/18/15
sptw134.thr 4 4 0.7 1      21:31:58 09/18/15
Homed      21:32:22 09/18/15
attach1.thr 4 4 0.7 2      21:32:30 09/18/15
e100.thr 44 22 1.7 2      21:48:02 09/18/15
paused      23:00:04 09/18/15
tri1b.thr-R 4 2 0.7 2      07:47:37 09/19/15
wings1$.thr 4 4 0.7 2      08:29:44 09/19/15
Homed      08:29:53 09/19/15
detach1.thr 4 4 0.7 1      08:30:01 09/19/15
e100.thr 33 22 1.7 1      08:45:32 09/19/15
cwarp3br.thr 5 5 1.5 1      09:09:08 09/19/15
circam2s.thr 2 2 0.7 1      09:23:04 09/19/15
Homed      09:54:36 09/19/15
attach1.thr-R 4 4 0.7 2      09:54:44 09/19/15
e100.thr-R 44 22 1.7 2      10:10:16 09/19/15
whorl1.thr 5 3 0.7 2      10:21:13 09/19/15
trwirl1.thr 5 3 0.7 2      11:44:07 09/19/15
vnc8.thr-R 4 4 0.7 2      13:08:08 09/19/15
sola3.thr-R 4 3 0.7 2      15:05:43 09/19/15
spmrph1.thr 6 3 0.7 2      16:00:24 09/19/15
Homed      16:00:32 09/19/15
detach1.thr 4 4 0.7 1      16:00:39 09/19/15
peoni1.thr 4 3 0.7 1      18:20:06 09/19/15
dces5p.thr 3 2 0.7 1      18:46:46 09/19/15
e100.thr-R 33 22 1.7 1      19:48:53 09/19/15
para2b$.thr-R 4 4 0.7 1      21:12:58 09/19/15
sptw134.thr 4 4 0.7 1      22:23:02 09/19/15
Homed      22:23:26 09/19/15
attach1.thr 4 4 0.7 2      22:23:34 09/19/15
e100.thr 44 22 1.7 2      22:39:06 09/19/15
paused      23:00:03 09/19/15
tri1b.thr-R 4 2 0.7 2      08:38:43 09/20/15
wings1$.thr 4 4 0.7 2      09:20:50 09/20/15
Homed      09:20:59 09/20/15
detach1.thr 4 4 0.7 1      09:21:06 09/20/15
e100.thr 33 22 1.7 1      09:36:38 09/20/15
cwarp3br.thr 5 5 1.5 1      10:00:14 09/20/15
circam2s.thr 2 2 0.7 1      10:14:10 09/20/15
Homed      10:45:42 09/20/15
attach1.thr-R 4 4 0.7 2      10:45:50 09/20/15
e100.thr-R 44 22 1.7 2      11:01:22 09/20/15
whorl1.thr 5 3 0.7 2      11:12:19 09/20/15
trwirl1.thr 5 3 0.7 2      12:35:14 09/20/15
vnc8.thr-R 4 4 0.7 2      13:59:15 09/20/15
sola3.thr-R 4 3 0.7 2      15:15:12 09/20/15
spmrph1.thr 6 3 0.7 2      15:36:57 09/20/15
Homed      15:37:04 09/20/15
detach1.thr 4 4 0.7 1      15:37:07 09/20/15
peoni1.thr 4 3 0.7 1      16:46:45 09/20/15
dces5p.thr 3 2 0.7 1      17:08:03 09/20/15
e100.thr-R 33 22 1.7 1      18:00:58 09/20/15
para2b$.thr-R 4 4 0.7 1      19:25:02 09/20/15
sptw134.thr 4 4 0.7 1      20:35:06 09/20/15
Homed      20:35:29 09/20/15
attach1.thr 4 4 0.7 2      20:35:37 09/20/15
e100.thr 44 22 1.7 2      20:51:09 09/20/15
tri1b.thr-R 4 2 0.7 2      22:50:46 09/20/15
paused      23:00:02 09/20/15
wings1$.thr 4 4 0.7 2      07:32:52 09/21/15
Homed      07:33:01 09/21/15
detach1.thr 4 4 0.7 1      07:33:08 09/21/15
e100.thr 33 22 1.7 1      07:48:39 09/21/15
cwarp3br.thr 5 5 1.5 1      08:12:16 09/21/15
circam2s.thr 2 2 0.7 1      08:26:12 09/21/15
Homed      08:57:44 09/21/15
attach1.thr-R 4 4 0.7 2      08:57:52 09/21/15
e100.thr-R 44 22 1.7 2      09:13:24 09/21/15
whorl1.thr 5 3 0.7 2      09:24:21 09/21/15
trwirl1.thr 5 3 0.7 2      10:47:16 09/21/15
vnc8.thr-R 4 4 0.7 2      12:11:17 09/21/15
sola3.thr-R 4 3 0.7 2      14:08:53 09/21/15
spmrph1.thr 6 3 0.7 2      15:03:34 09/21/15
Homed      15:03:43 09/21/15
detach1.thr 4 4 0.7 1      15:03:50 09/21/15
peoni1.thr 4 3 0.7 1      17:23:18 09/21/15
dces5p.thr 3 2 0.7 1      17:49:58 09/21/15
e100.thr-R 33 22 1.7 1      18:52:05 09/21/15
para2b$.thr-R 4 4 0.7 1      20:16:11 09/21/15
sptw134.thr 4 4 0.7 1      21:26:16 09/21/15
Homed      21:26:40 09/21/15
attach1.thr 4 4 0.7 2      21:26:48 09/21/15
e100.thr 44 22 1.7 2      21:42:20 09/21/15
paused      23:00:04 09/21/15
tri1b.thr-R 4 2 0.7 2      07:41:57 09/22/15
wings1$.thr 4 4 0.7 2      08:24:05 09/22/15
Homed      08:24:13 09/22/15
detach1.thr 4 4 0.7 1      08:24:21 09/22/15
e100.thr 33 22 1.7 1      08:39:52 09/22/15
cwarp3br.thr 5 5 1.5 1      09:03:28 09/22/15
circam2s.thr 2 2 0.7 1      09:17:24 09/22/15
Homed      09:48:56 09/22/15
attach1.thr-R 4 4 0.7 2      09:49:04 09/22/15
e100.thr-R 44 22 1.7 2      10:04:36 09/22/15
whorl1.thr 5 3 0.7 2      10:15:33 09/22/15
trwirl1.thr 5 3 0.7 2      11:38:27 09/22/15
vnc8.thr-R 4 4 0.7 2      13:02:28 09/22/15
sola3.thr-R 4 3 0.7 2      15:00:03 09/22/15
spmrph1.thr 6 3 0.7 2      15:54:44 09/22/15
Homed      15:54:52 09/22/15
detach1.thr 4 4 0.7 1      15:55:00 09/22/15
peoni1.thr 4 3 0.7 1      18:14:27 09/22/15
dces5p.thr 3 2 0.7 1      18:41:06 09/22/15
e100.thr-R 33 22 1.7 1      19:43:14 09/22/15
paused      19:46:23 09/22/15
para2b$.thr-R 4 4 0.7 1      21:07:31 09/22/15
sptw134.thr 4 4 0.7 1      22:17:36 09/22/15
Homed      22:18:00 09/22/15
attach1.thr 4 4 0.7 2      22:18:08 09/22/15
e100.thr 44 22 1.7 2      22:33:40 09/22/15
paused      23:00:02 09/22/15
tri1b.thr-R 4 2 0.7 2      08:33:17 09/23/15
paused      09:04:33 09/23/15
*HPlaptop v42b started       10:08:26 09/23/15
Homed      10:08:48 09/23/15
e100.thr 11 4 1.7 1      10:18:19 09/23/15
zowie1r.thr 1 1 0.7 1      11:04:04 09/23/15
paused      11:26:44 09/23/15
*HPlaptop v42b started       13:22:11 11/04/15
Homing R failed      13:22:44 11/04/15
*HPlaptop v42b started       13:23:25 11/04/15
*HPlaptop v42b started       13:29:11 11/04/15
Homed      13:29:22 11/04/15
Homed      13:30:18 11/04/15
e10.thr 11 4 2.5 1      13:31:19 11/04/15
Playlist loaded: pl2.pl      13:32:28 11/04/15
Homed      13:34:30 11/04/15
*HPlaptop v42b started       13:35:05 11/04/15
*HPlaptop v42b started       13:35:45 11/04/15
*HPlaptop v42b started       13:36:26 11/04/15
*HPlaptop v42b started       13:38:34 11/04/15
Homed      13:39:05 11/04/15
Homed      13:39:21 11/04/15
paused      13:42:35 11/04/15
paused      13:43:56 11/04/15
e100.thr 11 4 1.7 1      13:50:45 11/04/15
*HPlaptop v42b started       14:13:34 11/04/15
Homed      14:14:09 11/04/15
e100.thr 11 4 1.7 1      14:24:26 11/04/15
*HPlaptop v42b started       09:34:45 11/09/15
paused      09:34:59 11/09/15
Homed      09:35:31 11/09/15
e50.thr 1 1 0.7 1      09:52:22 11/09/15
*HPlaptop v42b started       08:08:19 11/11/15
Homed      08:09:02 11/11/15
Homed      08:09:23 11/11/15
e100.thr 11 4 1.7 1      08:13:44 11/11/15
zowie1r.thr 1 1 0.7 1      08:41:01 11/11/15
paused      08:53:52 11/11/15
*HPlaptop v42b started       08:35:34 11/17/15
Homed      08:35:52 11/17/15
*HPlaptop v42b started       08:48:41 11/17/15
Homed      08:48:51 11/17/15
*HPlaptop v42b started       09:43:26 11/17/15
Homing R failed      09:43:39 11/17/15
paused      09:44:21 11/17/15
Homed      09:44:51 11/17/15
*HPlaptop v42b started       12:48:36 11/21/15
